<?xml version="1.0" encoding="UTF-8"?>
<!-- Generated by org.testng.reporters.JUnitXMLReporter -->
<testsuite ignored="0" hostname="LAPTOP-4TLH6CQN" failures="0" tests="3" name="Default test" time="0.074" errors="0" timestamp="2022-10-02T13:40:04 IST">
  <testcase classname="Testngintro.Intro1" name="method1" time="0.013"/>
  <testcase classname="Testngintro.Intro1" name="method2" time="0.002"/>
  <testcase classname="Testngintro.Intro1" name="method3" time="0.002"/>
</testsuite> <!-- Default test -->
