<?xml version="1.0" encoding="UTF-8"?>
<testng-results ignored="0" total="3" passed="3" failed="0" skipped="0">
  <reporter-output>
  </reporter-output>
  <suite started-at="2022-10-02T13:40:04 IST" name="Default suite" finished-at="2022-10-02T13:40:04 IST" duration-ms="74">
    <groups>
    </groups>
    <test started-at="2022-10-02T13:40:04 IST" name="Default test" finished-at="2022-10-02T13:40:04 IST" duration-ms="74">
      <class name="Testngintro.Intro1">
        <test-method signature="method1()[pri:0, instance:Testngintro.Intro1@524d6d96]" started-at="2022-10-02T13:40:04 IST" name="method1" finished-at="2022-10-02T13:40:04 IST" duration-ms="13" status="PASS">
          <reporter-output>
          </reporter-output>
        </test-method> <!-- method1 -->
        <test-method signature="method2()[pri:0, instance:Testngintro.Intro1@524d6d96]" started-at="2022-10-02T13:40:04 IST" name="method2" finished-at="2022-10-02T13:40:04 IST" duration-ms="2" status="PASS">
          <reporter-output>
          </reporter-output>
        </test-method> <!-- method2 -->
        <test-method signature="method3()[pri:0, instance:Testngintro.Intro1@524d6d96]" started-at="2022-10-02T13:40:04 IST" name="method3" finished-at="2022-10-02T13:40:04 IST" duration-ms="2" status="PASS">
          <reporter-output>
          </reporter-output>
        </test-method> <!-- method3 -->
      </class> <!-- Testngintro.Intro1 -->
    </test> <!-- Default test -->
  </suite> <!-- Default suite -->
</testng-results>
